<?xml version="1.0" encoding="UTF-8"?>
<!-- Generated by org.testng.reporters.JUnitXMLReporter -->
<testsuite ignored="0" hostname="ATMECSINLT-028" failures="0" tests="2" name="Default test" time="16.807" errors="0" timestamp="2019-11-14T10:56:37 IST">
  <testcase classname="com.atmecs.assignment.testscript.TestScript" name="productValidation" time="11.059"/>
  <testcase classname="com.atmecs.assignment.testscript.TestScript" name="PageRedirection" time="1.947"/>
</testsuite> <!-- Default test -->
