<?xml version="1.0" encoding="UTF-8"?>
<!-- Generated by org.testng.reporters.JUnitXMLReporter -->
<testsuite ignored="0" hostname="ATMECSINLT-028" failures="0" tests="2" name="Default test" time="18.788" errors="0" timestamp="2019-11-11T17:45:42 IST">
  <testcase classname="com.atmecs.assignment.testscript.TestScript" name="PageRedirection" time="6.156"/>
  <testcase classname="com.atmecs.assignment.testscript.TestScript" name="productValidation" time="9.478"/>
</testsuite> <!-- Default test -->
