<?xml version="1.0" encoding="UTF-8"?>
<!-- Generated by org.testng.reporters.JUnitXMLReporter -->
<testsuite ignored="0" hostname="ATMECSINLT-028" failures="0" tests="4" name="productvalidation" time="26.071" errors="0" timestamp="2019-11-18T11:11:45 IST">
  <testcase classname="com.atmecs.ninjastore.testscript.NinjaStore" name="homePageValidation" time="0.296"/>
  <testcase classname="com.atmecs.ninjastore.testscript.NinjaStore" name="productValidation" time="8.453"/>
  <testcase classname="com.atmecs.ninjastore.testscript.NinjaStore" name="productValidation" time="9.563"/>
  <testcase classname="com.atmecs.ninjastore.testscript.NinjaStore" name="ProductDetails" time="3.452"/>
</testsuite> <!-- productvalidation -->
