<?xml version="1.0" encoding="UTF-8"?>
<!-- Generated by org.testng.reporters.JUnitXMLReporter -->
<testsuite ignored="0" hostname="ATMECSINLT-028" failures="0" tests="2" name="productverification" time="14.666" errors="0" timestamp="2019-11-15T19:22:48 IST">
  <testcase classname="com.atmecs.assignment.testscript.TestScript" name="productValidation" time="8.932"/>
  <testcase classname="com.atmecs.assignment.testscript.TestScript" name="PageRedirection" time="2.518"/>
</testsuite> <!-- productverification -->
