<?xml version="1.0" encoding="UTF-8"?>
<!-- Generated by org.testng.reporters.JUnitXMLReporter -->
<testsuite ignored="0" hostname="ATMECSINLT-028" failures="1" tests="2" name="productverification" time="49.186" errors="0" timestamp="2019-11-18T11:13:05 IST">
  <testcase classname="com.atmecs.heatclinic.testscript.HeatClinic" name="productValidation" time="10.376">
    <failure type="java.lang.Exception">
      <![CDATA[java.lang.Exception
at com.atmecs.assignment.helper.Helper.getText(Helper.java:125)
at com.atmecs.heatclinic.testscript.HeatClinic.productValidation(HeatClinic.java:110)
at java.base/java.util.ArrayList.forEach(ArrayList.java:1540)
... Removed 27 stack frames]]>
    </failure>
  </testcase> <!-- productValidation -->
  <testcase classname="com.atmecs.heatclinic.testscript.HeatClinic" name="PageRedirection" time="30.529"/>
</testsuite> <!-- productverification -->
