<?xml version="1.0" encoding="UTF-8"?>
<!-- Generated by org.testng.reporters.JUnitXMLReporter -->
<testsuite ignored="0" hostname="ATMECSINLT-028" failures="0" tests="2" name="productverification" time="17.514" errors="0" timestamp="2019-11-13T10:59:27 IST">
  <testcase classname="com.atmecs.assignment.testscript.TestScript" name="productValidation" time="11.535"/>
  <testcase classname="com.atmecs.assignment.testscript.TestScript" name="PageRedirection" time="1.918"/>
</testsuite> <!-- productverification -->
